#
# There is insufficient memory for the Java Runtime Environment to continue.
# Native memory allocation (mmap) failed to map 273154048 bytes for committing reserved memory.
# Possible reasons:
#   The system is out of physical RAM or swap space
#   In 32 bit mode, the process size limit was hit
# Possible solutions:
#   Reduce memory load on the system
#   Increase physical memory or swap space
#   Check if swap backing store is full
#   Use 64 bit Java on a 64 bit OS
#   Decrease Java heap size (-Xmx/-Xms)
#   Decrease number of Java threads
#   Decrease Java thread stack sizes (-Xss)
#   Set larger code cache with -XX:ReservedCodeCacheSize=
# This output file may be truncated or incomplete.
#
#  Out of Memory Error (os_linux.cpp:2640), pid=15514, tid=0x00007fbb003b9700
#
# JRE version: OpenJDK Runtime Environment (8.0_152-b01) (build 1.8.0_152-release-915-b01)
# Java VM: OpenJDK 64-Bit Server VM (25.152-b01 mixed mode linux-amd64 compressed oops)
# Failed to write core dump. Core dumps have been disabled. To enable core dumping, try "ulimit -c unlimited" before starting Java again
#

---------------  T H R E A D  ---------------

Current thread (0x00007fbb10074000):  VMThread [stack: 0x00007fbb002b9000,0x00007fbb003ba000] [id=15523]

Stack: [0x00007fbb002b9000,0x00007fbb003ba000],  sp=0x00007fbb003b84d0,  free space=1021k
Native frames: (J=compiled Java code, j=interpreted, Vv=VM code, C=native code)
V  [libjvm.so+0x9eb15d]  VMError::report_and_die()+0x15d
V  [libjvm.so+0x4b8eaa]  report_vm_out_of_memory(char const*, int, unsigned long, VMErrorType, char const*)+0x8a
V  [libjvm.so+0x851370]  os::pd_commit_memory(char*, unsigned long, unsigned long, bool)+0xf0
V  [libjvm.so+0x84be8f]  os::commit_memory(char*, unsigned long, unsigned long, bool)+0x1f
V  [libjvm.so+0x8c261b]  PSVirtualSpace::expand_by(unsigned long)+0x5b
V  [libjvm.so+0x8b33fb]  PSOldGen::expand_by(unsigned long) [clone .part.109]+0x1b
V  [libjvm.so+0x8b35bb]  PSOldGen::expand(unsigned long) [clone .part.111]+0xdb
V  [libjvm.so+0x8b3e98]  PSOldGen::resize(unsigned long)+0x188
V  [libjvm.so+0x8b94ac]  PSParallelCompact::invoke_no_policy(bool)+0x97c
V  [libjvm.so+0x8c05bd]  PSScavenge::invoke()+0x17d
V  [libjvm.so+0x8748f3]  ParallelScavengeHeap::failed_mem_allocate(unsigned long)+0x63
V  [libjvm.so+0x9ecc84]  VM_ParallelGCFailedAllocation::doit()+0x84
V  [libjvm.so+0x9f1197]  VM_Operation::evaluate()+0x47
V  [libjvm.so+0x9efb78]  VMThread::evaluate_operation(VM_Operation*)+0x2c8
V  [libjvm.so+0x9efff9]  VMThread::loop()+0x219
V  [libjvm.so+0x9f0442]  VMThread::run()+0x72
V  [libjvm.so+0x84e792]  java_start(Thread*)+0xf2

VM_Operation (0x00007fbaeb319c40): ParallelGCFailedAllocation, mode: safepoint, requested by thread 0x00007fbb101b0000


---------------  P R O C E S S  ---------------

Java Threads: ( => current thread )
  0x00007fbb1011f000 JavaThread "pool-1-thread-1" [_thread_blocked, id=15559, stack(0x00007fbaeb11a000,0x00007fbaeb21b000)]
  0x00007fbb101b0000 JavaThread "pool-2-thread-4" [_thread_blocked, id=15535, stack(0x00007fbaeb21b000,0x00007fbaeb31c000)]
  0x00007fbb101ae000 JavaThread "pool-2-thread-3" [_thread_blocked, id=15534, stack(0x00007fbaeb31c000,0x00007fbaeb41d000)]
  0x00007fbb101ad000 JavaThread "pool-2-thread-2" [_thread_blocked, id=15533, stack(0x00007fbaeb41d000,0x00007fbaeb51e000)]
  0x00007fbb101aa000 JavaThread "pool-3-thread-1" [_thread_blocked, id=15532, stack(0x00007fbaeb51e000,0x00007fbaeb61f000)]
  0x00007fbb101a8800 JavaThread "pool-2-thread-1" [_thread_blocked, id=15531, stack(0x00007fbaeb61f000,0x00007fbaeb720000)]
  0x00007fbb100ba000 JavaThread "Service Thread" daemon [_thread_blocked, id=15529, stack(0x00007fbaeb924000,0x00007fbaeba25000)]
  0x00007fbb100b7800 JavaThread "C1 CompilerThread1" daemon [_thread_blocked, id=15528, stack(0x00007fbaeba25000,0x00007fbaebb26000)]
  0x00007fbb100b4800 JavaThread "C2 CompilerThread0" daemon [_thread_blocked, id=15527, stack(0x00007fbaebb26000,0x00007fbaebc27000)]
  0x00007fbb100b3000 JavaThread "Signal Dispatcher" daemon [_thread_blocked, id=15526, stack(0x00007fbaebc27000,0x00007fbaebd28000)]
  0x00007fbb10080800 JavaThread "Finalizer" daemon [_thread_blocked, id=15525, stack(0x00007fbb000b7000,0x00007fbb001b8000)]
  0x00007fbb1007c000 JavaThread "Reference Handler" daemon [_thread_blocked, id=15524, stack(0x00007fbb001b8000,0x00007fbb002b9000)]
  0x00007fbb1000b000 JavaThread "main" [_thread_blocked, id=15520, stack(0x00007fbb185cf000,0x00007fbb186d0000)]

Other Threads:
=>0x00007fbb10074000 VMThread [stack: 0x00007fbb002b9000,0x00007fbb003ba000] [id=15523]
  0x00007fbb100bc800 WatcherThread [stack: 0x00007fbaeb823000,0x00007fbaeb924000] [id=15530]

VM state:at safepoint (normal execution)

VM Mutex/Monitor currently owned by a thread:  ([mutex/lock_event])
[0x00007fbb10006bf0] ExpandHeap_lock - owner thread: 0x00007fbb10074000
[0x00007fbb10007270] Threads_lock - owner thread: 0x00007fbb10074000
[0x00007fbb10007770] Heap_lock - owner thread: 0x00007fbb101b0000

Heap:
 PSYoungGen      total 465920K, used 84057K [0x00000000d5580000, 0x0000000100000000, 0x0000000100000000)
  eden space 232960K, 0% used [0x00000000d5580000,0x00000000d5580000,0x00000000e3900000)
  from space 232960K, 36% used [0x00000000e3900000,0x00000000e8b167c8,0x00000000f1c80000)
  to   space 232960K, 0% used [0x00000000f1c80000,0x00000000f1c80000,0x0000000100000000)
 ParOldGen       total 800768K, used 800314K [0x0000000080000000, 0x00000000b0e00000, 0x00000000d5580000)
  object space 800768K, 99% used [0x0000000080000000,0x00000000b0d8e948,0x00000000b0e00000)
 Metaspace       used 6834K, capacity 7384K, committed 7680K, reserved 1056768K
  class space    used 619K, capacity 656K, committed 768K, reserved 1048576K

Card table byte_map: [0x00007fbb1505d000,0x00007fbb1545e000] byte_map_base: 0x00007fbb14c5d000

Marking Bits: (ParMarkBitMap*) 0x00007fbb17aa13e0
 Begin Bits: [0x00007fbaf8000000, 0x00007fbafa000000)
 End Bits:   [0x00007fbafa000000, 0x00007fbafc000000)

Polling page: 0x00007fbb186f3000

CodeCache: size=245760Kb used=10916Kb max_used=10916Kb free=234844Kb
 bounds [0x00007fbb01000000, 0x00007fbb01ad0000, 0x00007fbb10000000]
 total_blobs=2706 nmethods=2435 adapters=186
 compilation: enabled

Compilation events (10 events):
Event: 185.368 Thread 0x00007fbb100b4800 nmethod 3279% 0x00007fbb019b3050 code [0x00007fbb019b3220, 0x00007fbb019b3748]
Event: 185.368 Thread 0x00007fbb100b4800 3206       4       com.android.dx.ssa.back.FirstFitLocalCombiningAllocator::handleCheckCastResults (413 bytes)
Event: 185.537 Thread 0x00007fbb100b7800 3296       2       java.util.HashMap$TreeNode::untreeify (52 bytes)
Event: 185.538 Thread 0x00007fbb100b7800 nmethod 3296 0x00007fbb019b4850 code [0x00007fbb019b49c0, 0x00007fbb019b4c28]
Event: 185.550 Thread 0x00007fbb100b7800 3297 %     3       java.util.HashMap$TreeNode::treeify @ 64 (221 bytes)
Event: 185.553 Thread 0x00007fbb100b7800 nmethod 3297% 0x00007fbb01970dd0 code [0x00007fbb01970fe0, 0x00007fbb01971c68]
Event: 185.553 Thread 0x00007fbb100b7800 3298       3       java.util.HashMap$TreeNode::treeify (221 bytes)
Event: 185.556 Thread 0x00007fbb100b7800 nmethod 3298 0x00007fbb0196fbd0 code [0x00007fbb0196fde0, 0x00007fbb01970948]
Event: 185.610 Thread 0x00007fbb100b7800 3300       3       com.android.dx.dex.code.StdCatchBuilder::getCatchTypes (97 bytes)
Event: 185.614 Thread 0x00007fbb100b7800 nmethod 3300 0x00007fbb0196d710 code [0x00007fbb0196d9e0, 0x00007fbb0196ef98]

GC Heap History (10 events):
Event: 171.573 GC heap after
Heap after GC invocations=30 (full 5):
 PSYoungGen      total 456192K, used 168688K [0x00000000d5580000, 0x0000000100000000, 0x0000000100000000)
  eden space 252928K, 0% used [0x00000000d5580000,0x00000000d5580000,0x00000000e4c80000)
  from space 203264K, 82% used [0x00000000e4c80000,0x00000000ef13c1b0,0x00000000f1300000)
  to   space 221696K, 0% used [0x00000000f2780000,0x00000000f2780000,0x0000000100000000)
 ParOldGen       total 800768K, used 664180K [0x0000000080000000, 0x00000000b0e00000, 0x00000000d5580000)
  object space 800768K, 82% used [0x0000000080000000,0x00000000a889d190,0x00000000b0e00000)
 Metaspace       used 6727K, capacity 7384K, committed 7680K, reserved 1056768K
  class space    used 613K, capacity 656K, committed 768K, reserved 1048576K
}
Event: 175.927 GC heap before
{Heap before GC invocations=31 (full 5):
 PSYoungGen      total 456192K, used 421616K [0x00000000d5580000, 0x0000000100000000, 0x0000000100000000)
  eden space 252928K, 100% used [0x00000000d5580000,0x00000000e4c80000,0x00000000e4c80000)
  from space 203264K, 82% used [0x00000000e4c80000,0x00000000ef13c1b0,0x00000000f1300000)
  to   space 221696K, 0% used [0x00000000f2780000,0x00000000f2780000,0x0000000100000000)
 ParOldGen       total 800768K, used 664180K [0x0000000080000000, 0x00000000b0e00000, 0x00000000d5580000)
  object space 800768K, 82% used [0x0000000080000000,0x00000000a889d190,0x00000000b0e00000)
 Metaspace       used 6728K, capacity 7384K, committed 7680K, reserved 1056768K
  class space    used 614K, capacity 656K, committed 768K, reserved 1048576K
Event: 176.394 GC heap after
Heap after GC invocations=31 (full 5):
 PSYoungGen      total 480768K, used 120064K [0x00000000d5580000, 0x0000000100000000, 0x0000000100000000)
  eden space 259072K, 0% used [0x00000000d5580000,0x00000000d5580000,0x00000000e5280000)
  from space 221696K, 54% used [0x00000000f2780000,0x00000000f9cc02c8,0x0000000100000000)
  to   space 218112K, 0% used [0x00000000e5280000,0x00000000e5280000,0x00000000f2780000)
 ParOldGen       total 800768K, used 664180K [0x0000000080000000, 0x00000000b0e00000, 0x00000000d5580000)
  object space 800768K, 82% used [0x0000000080000000,0x00000000a889d190,0x00000000b0e00000)
 Metaspace       used 6728K, capacity 7384K, committed 7680K, reserved 1056768K
  class space    used 614K, capacity 656K, committed 768K, reserved 1048576K
}
Event: 179.161 GC heap before
{Heap before GC invocations=32 (full 5):
 PSYoungGen      total 480768K, used 379136K [0x00000000d5580000, 0x0000000100000000, 0x0000000100000000)
  eden space 259072K, 100% used [0x00000000d5580000,0x00000000e5280000,0x00000000e5280000)
  from space 221696K, 54% used [0x00000000f2780000,0x00000000f9cc02c8,0x0000000100000000)
  to   space 218112K, 0% used [0x00000000e5280000,0x00000000e5280000,0x00000000f2780000)
 ParOldGen       total 800768K, used 664180K [0x0000000080000000, 0x00000000b0e00000, 0x00000000d5580000)
  object space 800768K, 82% used [0x0000000080000000,0x00000000a889d190,0x00000000b0e00000)
 Metaspace       used 6756K, capacity 7384K, committed 7680K, reserved 1056768K
  class space    used 617K, capacity 656K, committed 768K, reserved 1048576K
Event: 179.770 GC heap after
Heap after GC invocations=32 (full 5):
 PSYoungGen      total 416256K, used 156965K [0x00000000d5580000, 0x0000000100000000, 0x0000000100000000)
  eden space 259072K, 0% used [0x00000000d5580000,0x00000000d5580000,0x00000000e5280000)
  from space 157184K, 99% used [0x00000000e5280000,0x00000000eebc9408,0x00000000eec00000)
  to   space 227328K, 0% used [0x00000000f2200000,0x00000000f2200000,0x0000000100000000)
 ParOldGen       total 800768K, used 664180K [0x0000000080000000, 0x00000000b0e00000, 0x00000000d5580000)
  object space 800768K, 82% used [0x0000000080000000,0x00000000a889d190,0x00000000b0e00000)
 Metaspace       used 6756K, capacity 7384K, committed 7680K, reserved 1056768K
  class space    used 617K, capacity 656K, committed 768K, reserved 1048576K
}
Event: 182.553 GC heap before
{Heap before GC invocations=33 (full 5):
 PSYoungGen      total 416256K, used 416037K [0x00000000d5580000, 0x0000000100000000, 0x0000000100000000)
  eden space 259072K, 100% used [0x00000000d5580000,0x00000000e5280000,0x00000000e5280000)
  from space 157184K, 99% used [0x00000000e5280000,0x00000000eebc9408,0x00000000eec00000)
  to   space 227328K, 0% used [0x00000000f2200000,0x00000000f2200000,0x0000000100000000)
 ParOldGen       total 800768K, used 664180K [0x0000000080000000, 0x00000000b0e00000, 0x00000000d5580000)
  object space 800768K, 82% used [0x0000000080000000,0x00000000a889d190,0x00000000b0e00000)
 Metaspace       used 6834K, capacity 7384K, committed 7680K, reserved 1056768K
  class space    used 619K, capacity 656K, committed 768K, reserved 1048576K
Event: 183.337 GC heap after
Heap after GC invocations=33 (full 5):
 PSYoungGen      total 460288K, used 193015K [0x00000000d5580000, 0x0000000100000000, 0x0000000100000000)
  eden space 232960K, 0% used [0x00000000d5580000,0x00000000d5580000,0x00000000e3900000)
  from space 227328K, 84% used [0x00000000f2200000,0x00000000fde7dea8,0x0000000100000000)
  to   space 232960K, 0% used [0x00000000e3900000,0x00000000e3900000,0x00000000f1c80000)
 ParOldGen       total 800768K, used 664180K [0x0000000080000000, 0x00000000b0e00000, 0x00000000d5580000)
  object space 800768K, 82% used [0x0000000080000000,0x00000000a889d190,0x00000000b0e00000)
 Metaspace       used 6834K, capacity 7384K, committed 7680K, reserved 1056768K
  class space    used 619K, capacity 656K, committed 768K, reserved 1048576K
}
Event: 186.008 GC heap before
{Heap before GC invocations=34 (full 5):
 PSYoungGen      total 460288K, used 425975K [0x00000000d5580000, 0x0000000100000000, 0x0000000100000000)
  eden space 232960K, 100% used [0x00000000d5580000,0x00000000e3900000,0x00000000e3900000)
  from space 227328K, 84% used [0x00000000f2200000,0x00000000fde7dea8,0x0000000100000000)
  to   space 232960K, 0% used [0x00000000e3900000,0x00000000e3900000,0x00000000f1c80000)
 ParOldGen       total 800768K, used 664180K [0x0000000080000000, 0x00000000b0e00000, 0x00000000d5580000)
  object space 800768K, 82% used [0x0000000080000000,0x00000000a889d190,0x00000000b0e00000)
 Metaspace       used 6834K, capacity 7384K, committed 7680K, reserved 1056768K
  class space    used 619K, capacity 656K, committed 768K, reserved 1048576K
Event: 187.144 GC heap after
Heap after GC invocations=34 (full 5):
 PSYoungGen      total 465920K, used 187042K [0x00000000d5580000, 0x0000000100000000, 0x0000000100000000)
  eden space 232960K, 0% used [0x00000000d5580000,0x00000000d5580000,0x00000000e3900000)
  from space 232960K, 80% used [0x00000000e3900000,0x00000000eefa8bf8,0x00000000f1c80000)
  to   space 232960K, 0% used [0x00000000f1c80000,0x00000000f1c80000,0x0000000100000000)
 ParOldGen       total 800768K, used 708554K [0x0000000080000000, 0x00000000b0e00000, 0x00000000d5580000)
  object space 800768K, 88% used [0x0000000080000000,0x00000000ab3f2890,0x00000000b0e00000)
 Metaspace       used 6834K, capacity 7384K, committed 7680K, reserved 1056768K
  class space    used 619K, capacity 656K, committed 768K, reserved 1048576K
}
Event: 187.144 GC heap before
{Heap before GC invocations=35 (full 6):
 PSYoungGen      total 465920K, used 187042K [0x00000000d5580000, 0x0000000100000000, 0x0000000100000000)
  eden space 232960K, 0% used [0x00000000d5580000,0x00000000d5580000,0x00000000e3900000)
  from space 232960K, 80% used [0x00000000e3900000,0x00000000eefa8bf8,0x00000000f1c80000)
  to   space 232960K, 0% used [0x00000000f1c80000,0x00000000f1c80000,0x0000000100000000)
 ParOldGen       total 800768K, used 708554K [0x0000000080000000, 0x00000000b0e00000, 0x00000000d5580000)
  object space 800768K, 88% used [0x0000000080000000,0x00000000ab3f2890,0x00000000b0e00000)
 Metaspace       used 6834K, capacity 7384K, committed 7680K, reserved 1056768K
  class space    used 619K, capacity 656K, committed 768K, reserved 1048576K

Deoptimization events (10 events):
Event: 179.033 Thread 0x00007fbb101ae000 Uncommon trap: reason=bimorphic action=maybe_recompile pc=0x00007fbb01285be4 method=java.util.TreeMap.compare(Ljava/lang/Object;Ljava/lang/Object;)I @ 12
Event: 179.038 Thread 0x00007fbb101ae000 Uncommon trap: reason=bimorphic action=maybe_recompile pc=0x00007fbb01285be4 method=java.util.TreeMap.compare(Ljava/lang/Object;Ljava/lang/Object;)I @ 12
Event: 179.862 Thread 0x00007fbb101aa000 Uncommon trap: reason=bimorphic action=maybe_recompile pc=0x00007fbb01285be4 method=java.util.TreeMap.compare(Ljava/lang/Object;Ljava/lang/Object;)I @ 12
Event: 179.895 Thread 0x00007fbb1011f000 Uncommon trap: reason=class_check action=maybe_recompile pc=0x00007fbb01177df8 method=java.util.Arrays.hashCode([Ljava/lang/Object;)I @ 43
Event: 179.895 Thread 0x00007fbb1011f000 Uncommon trap: reason=class_check action=maybe_recompile pc=0x00007fbb01177df8 method=java.util.Arrays.hashCode([Ljava/lang/Object;)I @ 43
Event: 179.896 Thread 0x00007fbb1011f000 Uncommon trap: reason=class_check action=maybe_recompile pc=0x00007fbb01177df8 method=java.util.Arrays.hashCode([Ljava/lang/Object;)I @ 43
Event: 179.896 Thread 0x00007fbb1011f000 Uncommon trap: reason=class_check action=maybe_recompile pc=0x00007fbb01177df8 method=java.util.Arrays.hashCode([Ljava/lang/Object;)I @ 43
Event: 179.896 Thread 0x00007fbb1011f000 Uncommon trap: reason=class_check action=maybe_recompile pc=0x00007fbb018362b0 method=java.util.Arrays.hashCode([Ljava/lang/Object;)I @ 43
Event: 180.163 Thread 0x00007fbb101ae000 Uncommon trap: reason=unstable_if action=reinterpret pc=0x00007fbb014a9f40 method=java.lang.Integer.valueOf(I)Ljava/lang/Integer; @ 10
Event: 184.131 Thread 0x00007fbb1011f000 Uncommon trap: reason=unstable_if action=reinterpret pc=0x00007fbb013f54a0 method=java.util.HashMap.resize()[Ljava/util/HashMap$Node; @ 206

Classes redefined (0 events):
No events

Internal exceptions (5 events):
Event: 0.082 Thread 0x00007fbb1000b000 Exception <a 'java/lang/NoSuchMethodError': Method sun.misc.Unsafe.defineClass(Ljava/lang/String;[BII)Ljava/lang/Class; name or signature does not match> (0x00000000d5587ca8) thrown at [/ssd/Android/AOSP-openjdk-git/jdk8u/hotspot/src/share/vm/prims/jni.cp
Event: 0.083 Thread 0x00007fbb1000b000 Exception <a 'java/lang/NoSuchMethodError': Method sun.misc.Unsafe.prefetchRead(Ljava/lang/Object;J)V name or signature does not match> (0x00000000d5587f90) thrown at [/ssd/Android/AOSP-openjdk-git/jdk8u/hotspot/src/share/vm/prims/jni.cpp, line 4011]
Event: 9.936 Thread 0x00007fbb101a8800 Exception <a 'java/lang/ArrayIndexOutOfBoundsException': 18> (0x00000000d58052d8) thrown at [/ssd/Android/AOSP-openjdk-git/jdk8u/hotspot/src/share/vm/interpreter/interpreterRuntime.cpp, line 366]
Event: 9.938 Thread 0x00007fbb101a8800 Exception <a 'java/lang/ArrayIndexOutOfBoundsException': 145> (0x00000000d5806e58) thrown at [/ssd/Android/AOSP-openjdk-git/jdk8u/hotspot/src/share/vm/interpreter/interpreterRuntime.cpp, line 366]
Event: 9.944 Thread 0x00007fbb101a8800 Exception <a 'java/lang/ArrayIndexOutOfBoundsException': 40> (0x00000000d5808140) thrown at [/ssd/Android/AOSP-openjdk-git/jdk8u/hotspot/src/share/vm/interpreter/interpreterRuntime.cpp, line 366]

Events (10 events):
Event: 185.928 Thread 0x00007fbb1011f000 DEOPT UNPACKING pc=0x00007fbb01046f73 sp=0x00007fbaeb219210 mode 0
Event: 185.950 Thread 0x00007fbb1011f000 DEOPT PACKING pc=0x00007fbb01a1c867 sp=0x00007fbaeb219470
Event: 185.950 Thread 0x00007fbb1011f000 DEOPT UNPACKING pc=0x00007fbb01046f73 sp=0x00007fbaeb219210 mode 0
Event: 185.957 Thread 0x00007fbb1011f000 DEOPT PACKING pc=0x00007fbb01a1c867 sp=0x00007fbaeb219470
Event: 185.957 Thread 0x00007fbb1011f000 DEOPT UNPACKING pc=0x00007fbb01046f73 sp=0x00007fbaeb219210 mode 0
Event: 185.969 Thread 0x00007fbb1011f000 DEOPT PACKING pc=0x00007fbb01a1c867 sp=0x00007fbaeb219470
Event: 185.969 Thread 0x00007fbb1011f000 DEOPT UNPACKING pc=0x00007fbb01046f73 sp=0x00007fbaeb219210 mode 0
Event: 185.994 Thread 0x00007fbb1011f000 DEOPT PACKING pc=0x00007fbb01a1c867 sp=0x00007fbaeb219470
Event: 185.994 Thread 0x00007fbb1011f000 DEOPT UNPACKING pc=0x00007fbb01046f73 sp=0x00007fbaeb219210 mode 0
Event: 186.007 Executing VM operation: ParallelGCFailedAllocation


Dynamic libraries:
00400000-00401000 r-xp 00000000 08:01 1183944                            /home/family/Documents/android-studio/jre/bin/java
00600000-00601000 r--p 00000000 08:01 1183944                            /home/family/Documents/android-studio/jre/bin/java
00601000-00602000 rw-p 00001000 08:01 1183944                            /home/family/Documents/android-studio/jre/bin/java
01e7f000-01ec3000 rw-p 00000000 00:00 0                                  [heap]
80000000-b0e00000 rw-p 00000000 00:00 0 
c1280000-d5580000 ---p 00000000 00:00 0 
d5580000-100000000 rw-p 00000000 00:00 0 
100000000-1000c0000 rw-p 00000000 00:00 0 
1000c0000-140000000 ---p 00000000 00:00 0 
7fbac0000000-7fbac002a000 rw-p 00000000 00:00 0 
7fbac002a000-7fbac4000000 ---p 00000000 00:00 0 
7fbac4000000-7fbac4094000 rw-p 00000000 00:00 0 
7fbac4094000-7fbac8000000 ---p 00000000 00:00 0 
7fbac8000000-7fbac8044000 rw-p 00000000 00:00 0 
7fbac8044000-7fbacc000000 ---p 00000000 00:00 0 
7fbacc000000-7fbacc021000 rw-p 00000000 00:00 0 
7fbacc021000-7fbad0000000 ---p 00000000 00:00 0 
7fbad0000000-7fbad0021000 rw-p 00000000 00:00 0 
7fbad0021000-7fbad4000000 ---p 00000000 00:00 0 
7fbad4000000-7fbad4021000 rw-p 00000000 00:00 0 
7fbad4021000-7fbad8000000 ---p 00000000 00:00 0 
7fbad8000000-7fbad995b000 rw-p 00000000 00:00 0 
7fbad995b000-7fbadc000000 ---p 00000000 00:00 0 
7fbadc000000-7fbadc852000 rw-p 00000000 00:00 0 
7fbadc852000-7fbae0000000 ---p 00000000 00:00 0 
7fbae0000000-7fbae0021000 rw-p 00000000 00:00 0 
7fbae0021000-7fbae4000000 ---p 00000000 00:00 0 
7fbae4000000-7fbae4021000 rw-p 00000000 00:00 0 
7fbae4021000-7fbae8000000 ---p 00000000 00:00 0 
7fbaeb11a000-7fbaeb11d000 ---p 00000000 00:00 0 
7fbaeb11d000-7fbaeb21b000 rw-p 00000000 00:00 0 
7fbaeb21b000-7fbaeb21e000 ---p 00000000 00:00 0 
7fbaeb21e000-7fbaeb31c000 rw-p 00000000 00:00 0 
7fbaeb31c000-7fbaeb31f000 ---p 00000000 00:00 0 
7fbaeb31f000-7fbaeb41d000 rw-p 00000000 00:00 0 
7fbaeb41d000-7fbaeb420000 ---p 00000000 00:00 0 
7fbaeb420000-7fbaeb51e000 rw-p 00000000 00:00 0 
7fbaeb51e000-7fbaeb521000 ---p 00000000 00:00 0 
7fbaeb521000-7fbaeb61f000 rw-p 00000000 00:00 0 
7fbaeb61f000-7fbaeb622000 ---p 00000000 00:00 0 
7fbaeb622000-7fbaeb720000 rw-p 00000000 00:00 0 
7fbaeb720000-7fbaeb823000 r--s 009b2000 08:01 1315389                    /home/family/StudioProjects/EmployeeTrack/app/build/intermediates/transforms/proguard/release/0.jar
7fbaeb823000-7fbaeb824000 ---p 00000000 00:00 0 
7fbaeb824000-7fbaeb924000 rw-p 00000000 00:00 0 
7fbaeb924000-7fbaeb927000 ---p 00000000 00:00 0 
7fbaeb927000-7fbaeba25000 rw-p 00000000 00:00 0 
7fbaeba25000-7fbaeba28000 ---p 00000000 00:00 0 
7fbaeba28000-7fbaebb26000 rw-p 00000000 00:00 0 
7fbaebb26000-7fbaebb29000 ---p 00000000 00:00 0 
7fbaebb29000-7fbaebc27000 rw-p 00000000 00:00 0 
7fbaebc27000-7fbaebc2a000 ---p 00000000 00:00 0 
7fbaebc2a000-7fbaebd28000 rw-p 00000000 00:00 0 
7fbaebd28000-7fbaec000000 r--p 00000000 08:01 3416792                    /usr/lib/locale/locale-archive
7fbaec000000-7fbaec289000 rw-p 00000000 00:00 0 
7fbaec289000-7fbaf0000000 ---p 00000000 00:00 0 
7fbaf0000000-7fbaf0021000 rw-p 00000000 00:00 0 
7fbaf0021000-7fbaf4000000 ---p 00000000 00:00 0 
7fbaf4000000-7fbaf4021000 rw-p 00000000 00:00 0 
7fbaf4021000-7fbaf8000000 ---p 00000000 00:00 0 
7fbaf8000000-7fbafc000000 rw-p 00000000 00:00 0 
7fbafc000000-7fbafc021000 rw-p 00000000 00:00 0 
7fbafc021000-7fbb00000000 ---p 00000000 00:00 0 
7fbb000b7000-7fbb000ba000 ---p 00000000 00:00 0 
7fbb000ba000-7fbb001b8000 rw-p 00000000 00:00 0 
7fbb001b8000-7fbb001bb000 ---p 00000000 00:00 0 
7fbb001bb000-7fbb002b9000 rw-p 00000000 00:00 0 
7fbb002b9000-7fbb002ba000 ---p 00000000 00:00 0 
7fbb002ba000-7fbb00ec0000 rw-p 00000000 00:00 0 
7fbb00ec0000-7fbb01000000 ---p 00000000 00:00 0 
7fbb01000000-7fbb01ad0000 rwxp 00000000 00:00 0 
7fbb01ad0000-7fbb10000000 ---p 00000000 00:00 0 
7fbb10000000-7fbb103af000 rw-p 00000000 00:00 0 
7fbb103af000-7fbb14000000 ---p 00000000 00:00 0 
7fbb14017000-7fbb1456a000 rw-p 00000000 00:00 0 
7fbb1456a000-7fbb1473a000 r--s 03c46000 08:01 1449928                    /home/family/Documents/android-studio/jre/jre/lib/rt.jar
7fbb1473a000-7fbb14bb0000 rw-p 00000000 00:00 0 
7fbb14bb0000-7fbb14bb1000 ---p 00000000 00:00 0 
7fbb14bb1000-7fbb14cb1000 rw-p 00000000 00:00 0 
7fbb14cb1000-7fbb14cb2000 ---p 00000000 00:00 0 
7fbb14cb2000-7fbb14f39000 rw-p 00000000 00:00 0 
7fbb14f39000-7fbb1505d000 ---p 00000000 00:00 0 
7fbb1505d000-7fbb151e4000 rw-p 00000000 00:00 0 
7fbb151e4000-7fbb15307000 ---p 00000000 00:00 0 
7fbb15307000-7fbb1545d000 rw-p 00000000 00:00 0 
7fbb1545d000-7fbb1548a000 rw-p 00000000 00:00 0 
7fbb1548a000-7fbb1581e000 ---p 00000000 00:00 0 
7fbb1581e000-7fbb15838000 r-xp 00000000 08:01 1576463                    /home/family/Documents/android-studio/jre/jre/lib/amd64/libzip.so
7fbb15838000-7fbb15a38000 ---p 0001a000 08:01 1576463                    /home/family/Documents/android-studio/jre/jre/lib/amd64/libzip.so
7fbb15a38000-7fbb15a39000 r--p 0001a000 08:01 1576463                    /home/family/Documents/android-studio/jre/jre/lib/amd64/libzip.so
7fbb15a39000-7fbb15a3a000 rw-p 0001b000 08:01 1576463                    /home/family/Documents/android-studio/jre/jre/lib/amd64/libzip.so
7fbb15a3a000-7fbb15a45000 r-xp 00000000 08:01 1971340                    /lib/x86_64-linux-gnu/libnss_files-2.23.so
7fbb15a45000-7fbb15c44000 ---p 0000b000 08:01 1971340                    /lib/x86_64-linux-gnu/libnss_files-2.23.so
7fbb15c44000-7fbb15c45000 r--p 0000a000 08:01 1971340                    /lib/x86_64-linux-gnu/libnss_files-2.23.so
7fbb15c45000-7fbb15c46000 rw-p 0000b000 08:01 1971340                    /lib/x86_64-linux-gnu/libnss_files-2.23.so
7fbb15c46000-7fbb15c4c000 rw-p 00000000 00:00 0 
7fbb15c4c000-7fbb15c57000 r-xp 00000000 08:01 1971350                    /lib/x86_64-linux-gnu/libnss_nis-2.23.so
7fbb15c57000-7fbb15e56000 ---p 0000b000 08:01 1971350                    /lib/x86_64-linux-gnu/libnss_nis-2.23.so
7fbb15e56000-7fbb15e57000 r--p 0000a000 08:01 1971350                    /lib/x86_64-linux-gnu/libnss_nis-2.23.so
7fbb15e57000-7fbb15e58000 rw-p 0000b000 08:01 1971350                    /lib/x86_64-linux-gnu/libnss_nis-2.23.so
7fbb15e58000-7fbb15e6e000 r-xp 00000000 08:01 1971334                    /lib/x86_64-linux-gnu/libnsl-2.23.so
7fbb15e6e000-7fbb1606d000 ---p 00016000 08:01 1971334                    /lib/x86_64-linux-gnu/libnsl-2.23.so
7fbb1606d000-7fbb1606e000 r--p 00015000 08:01 1971334                    /lib/x86_64-linux-gnu/libnsl-2.23.so
7fbb1606e000-7fbb1606f000 rw-p 00016000 08:01 1971334                    /lib/x86_64-linux-gnu/libnsl-2.23.so
7fbb1606f000-7fbb16071000 rw-p 00000000 00:00 0 
7fbb16071000-7fbb16079000 r-xp 00000000 08:01 1971336                    /lib/x86_64-linux-gnu/libnss_compat-2.23.so
7fbb16079000-7fbb16278000 ---p 00008000 08:01 1971336                    /lib/x86_64-linux-gnu/libnss_compat-2.23.so
7fbb16278000-7fbb16279000 r--p 00007000 08:01 1971336                    /lib/x86_64-linux-gnu/libnss_compat-2.23.so
7fbb16279000-7fbb1627a000 rw-p 00008000 08:01 1971336                    /lib/x86_64-linux-gnu/libnss_compat-2.23.so
7fbb1627a000-7fbb162a7000 r-xp 00000000 08:01 1576473                    /home/family/Documents/android-studio/jre/jre/lib/amd64/libjava.so
7fbb162a7000-7fbb164a6000 ---p 0002d000 08:01 1576473                    /home/family/Documents/android-studio/jre/jre/lib/amd64/libjava.so
7fbb164a6000-7fbb164a7000 r--p 0002c000 08:01 1576473                    /home/family/Documents/android-studio/jre/jre/lib/amd64/libjava.so
7fbb164a7000-7fbb164a9000 rw-p 0002d000 08:01 1576473                    /home/family/Documents/android-studio/jre/jre/lib/amd64/libjava.so
7fbb164a9000-7fbb164b9000 r-xp 00000000 08:01 1576489                    /home/family/Documents/android-studio/jre/jre/lib/amd64/libverify.so
7fbb164b9000-7fbb166b8000 ---p 00010000 08:01 1576489                    /home/family/Documents/android-studio/jre/jre/lib/amd64/libverify.so
7fbb166b8000-7fbb166ba000 r--p 0000f000 08:01 1576489                    /home/family/Documents/android-studio/jre/jre/lib/amd64/libverify.so
7fbb166ba000-7fbb166bb000 rw-p 00011000 08:01 1576489                    /home/family/Documents/android-studio/jre/jre/lib/amd64/libverify.so
7fbb166bb000-7fbb166c2000 r-xp 00000000 08:01 1971395                    /lib/x86_64-linux-gnu/librt-2.23.so
7fbb166c2000-7fbb168c1000 ---p 00007000 08:01 1971395                    /lib/x86_64-linux-gnu/librt-2.23.so
7fbb168c1000-7fbb168c2000 r--p 00006000 08:01 1971395                    /lib/x86_64-linux-gnu/librt-2.23.so
7fbb168c2000-7fbb168c3000 rw-p 00007000 08:01 1971395                    /lib/x86_64-linux-gnu/librt-2.23.so
7fbb168c3000-7fbb169cb000 r-xp 00000000 08:01 1971311                    /lib/x86_64-linux-gnu/libm-2.23.so
7fbb169cb000-7fbb16bca000 ---p 00108000 08:01 1971311                    /lib/x86_64-linux-gnu/libm-2.23.so
7fbb16bca000-7fbb16bcb000 r--p 00107000 08:01 1971311                    /lib/x86_64-linux-gnu/libm-2.23.so
7fbb16bcb000-7fbb16bcc000 rw-p 00108000 08:01 1971311                    /lib/x86_64-linux-gnu/libm-2.23.so
7fbb16bcc000-7fbb177c4000 r-xp 00000000 08:01 1576493                    /home/family/Documents/android-studio/jre/jre/lib/amd64/server/libjvm.so
7fbb177c4000-7fbb179c4000 ---p 00bf8000 08:01 1576493                    /home/family/Documents/android-studio/jre/jre/lib/amd64/server/libjvm.so
7fbb179c4000-7fbb17a63000 r--p 00bf8000 08:01 1576493                    /home/family/Documents/android-studio/jre/jre/lib/amd64/server/libjvm.so
7fbb17a63000-7fbb17a8c000 rw-p 00c97000 08:01 1576493                    /home/family/Documents/android-studio/jre/jre/lib/amd64/server/libjvm.so
7fbb17a8c000-7fbb17ad0000 rw-p 00000000 00:00 0 
7fbb17ad0000-7fbb17ae8000 r-xp 00000000 08:01 1971387                    /lib/x86_64-linux-gnu/libpthread-2.23.so
7fbb17ae8000-7fbb17ce7000 ---p 00018000 08:01 1971387                    /lib/x86_64-linux-gnu/libpthread-2.23.so
7fbb17ce7000-7fbb17ce8000 r--p 00017000 08:01 1971387                    /lib/x86_64-linux-gnu/libpthread-2.23.so
7fbb17ce8000-7fbb17ce9000 rw-p 00018000 08:01 1971387                    /lib/x86_64-linux-gnu/libpthread-2.23.so
7fbb17ce9000-7fbb17ced000 rw-p 00000000 00:00 0 
7fbb17ced000-7fbb17cf0000 r-xp 00000000 08:01 1971265                    /lib/x86_64-linux-gnu/libdl-2.23.so
7fbb17cf0000-7fbb17eef000 ---p 00003000 08:01 1971265                    /lib/x86_64-linux-gnu/libdl-2.23.so
7fbb17eef000-7fbb17ef0000 r--p 00002000 08:01 1971265                    /lib/x86_64-linux-gnu/libdl-2.23.so
7fbb17ef0000-7fbb17ef1000 rw-p 00003000 08:01 1971265                    /lib/x86_64-linux-gnu/libdl-2.23.so
7fbb17ef1000-7fbb180b0000 r-xp 00000000 08:01 1971241                    /lib/x86_64-linux-gnu/libc-2.23.so
7fbb180b0000-7fbb182b0000 ---p 001bf000 08:01 1971241                    /lib/x86_64-linux-gnu/libc-2.23.so
7fbb182b0000-7fbb182b4000 r--p 001bf000 08:01 1971241                    /lib/x86_64-linux-gnu/libc-2.23.so
7fbb182b4000-7fbb182b6000 rw-p 001c3000 08:01 1971241                    /lib/x86_64-linux-gnu/libc-2.23.so
7fbb182b6000-7fbb182ba000 rw-p 00000000 00:00 0 
7fbb182ba000-7fbb182d0000 r-xp 00000000 08:01 1053897                    /home/family/Documents/android-studio/jre/lib/amd64/jli/libjli.so
7fbb182d0000-7fbb184cf000 ---p 00016000 08:01 1053897                    /home/family/Documents/android-studio/jre/lib/amd64/jli/libjli.so
7fbb184cf000-7fbb184d0000 r--p 00015000 08:01 1053897                    /home/family/Documents/android-studio/jre/lib/amd64/jli/libjli.so
7fbb184d0000-7fbb184d1000 rw-p 00016000 08:01 1053897                    /home/family/Documents/android-studio/jre/lib/amd64/jli/libjli.so
7fbb184d1000-7fbb184f7000 r-xp 00000000 08:01 1971213                    /lib/x86_64-linux-gnu/ld-2.23.so
7fbb18503000-7fbb185cf000 rw-p 00000000 00:00 0 
7fbb185cf000-7fbb185d2000 ---p 00000000 00:00 0 
7fbb185d2000-7fbb186d4000 rw-p 00000000 00:00 0 
7fbb186db000-7fbb186ea000 r--s 000ed000 08:01 269165                     /home/family/Documents/Android/Sdk/build-tools/26.0.2/lib/dx.jar
7fbb186ea000-7fbb186f2000 rw-s 00000000 08:01 3278322                    /tmp/hsperfdata_family/15514
7fbb186f2000-7fbb186f3000 rw-p 00000000 00:00 0 
7fbb186f3000-7fbb186f4000 ---p 00000000 00:00 0 
7fbb186f4000-7fbb186f6000 rw-p 00000000 00:00 0 
7fbb186f6000-7fbb186f7000 r--p 00025000 08:01 1971213                    /lib/x86_64-linux-gnu/ld-2.23.so
7fbb186f7000-7fbb186f8000 rw-p 00026000 08:01 1971213                    /lib/x86_64-linux-gnu/ld-2.23.so
7fbb186f8000-7fbb186f9000 rw-p 00000000 00:00 0 
7ffe17016000-7ffe17037000 rw-p 00000000 00:00 0                          [stack]
7ffe17090000-7ffe17092000 r--p 00000000 00:00 0                          [vvar]
7ffe17092000-7ffe17094000 r-xp 00000000 00:00 0                          [vdso]
ffffffffff600000-ffffffffff601000 r-xp 00000000 00:00 0                  [vsyscall]

VM Arguments:
jvm_args: -Djava.awt.headless=true -Xmx2g -Dfile.encoding=UTF-8 -Duser.country=IN -Duser.language=en -Duser.variant 
java_command: com.android.dx.command.Main --dex --num-threads=4 --multi-dex --output /home/family/StudioProjects/EmployeeTrack/app/build/intermediates/transforms/dex/release/0 --min-sdk-version 21 /home/family/StudioProjects/EmployeeTrack/app/build/intermediates/transforms/proguard/release/0.jar
java_class_path (initial): /home/family/Documents/Android/Sdk/build-tools/26.0.2/lib/dx.jar
Launcher Type: SUN_STANDARD

Environment Variables:
PATH=/home/family/bin:/home/family/.local/bin:/usr/local/sbin:/usr/local/bin:/usr/sbin:/usr/bin:/sbin:/bin:/usr/games:/usr/local/games
USERNAME=family
LD_LIBRARY_PATH=/home/family/Documents/android-studio/bin:
SHELL=/bin/bash
DISPLAY=:0

Signal Handlers:
SIGSEGV: [libjvm.so+0x9ebc60], sa_mask[0]=11111111011111111101111111111110, sa_flags=SA_RESTART|SA_SIGINFO
SIGBUS: [libjvm.so+0x9ebc60], sa_mask[0]=11111111011111111101111111111110, sa_flags=SA_RESTART|SA_SIGINFO
SIGFPE: [libjvm.so+0x84cf60], sa_mask[0]=11111111011111111101111111111110, sa_flags=SA_RESTART|SA_SIGINFO
SIGPIPE: [libjvm.so+0x84cf60], sa_mask[0]=11111111011111111101111111111110, sa_flags=SA_RESTART|SA_SIGINFO
SIGXFSZ: [libjvm.so+0x84cf60], sa_mask[0]=11111111011111111101111111111110, sa_flags=SA_RESTART|SA_SIGINFO
SIGILL: [libjvm.so+0x84cf60], sa_mask[0]=11111111011111111101111111111110, sa_flags=SA_RESTART|SA_SIGINFO
SIGUSR1: SIG_DFL, sa_mask[0]=00000000000000000000000000000000, sa_flags=none
SIGUSR2: [libjvm.so+0x84ce30], sa_mask[0]=00100000000000000000000000000000, sa_flags=SA_RESTART|SA_SIGINFO
SIGHUP: [libjvm.so+0x84d020], sa_mask[0]=11111111011111111101111111111110, sa_flags=SA_RESTART|SA_SIGINFO
SIGINT: [libjvm.so+0x84d020], sa_mask[0]=11111111011111111101111111111110, sa_flags=SA_RESTART|SA_SIGINFO
SIGTERM: [libjvm.so+0x84d020], sa_mask[0]=11111111011111111101111111111110, sa_flags=SA_RESTART|SA_SIGINFO
SIGQUIT: [libjvm.so+0x84d020], sa_mask[0]=11111111011111111101111111111110, sa_flags=SA_RESTART|SA_SIGINFO


---------------  S Y S T E M  ---------------

OS:DISTRIB_ID=LinuxMint
DISTRIB_RELEASE=18.1
DISTRIB_CODENAME=serena
DISTRIB_DESCRIPTION="Linux Mint 18.1 Serena"

uname:Linux 4.4.0-53-generic #74-Ubuntu SMP Fri Dec 2 15:59:10 UTC 2016 x86_64
libc:glibc 2.23 NPTL 2.23 
rlimit: STACK 8192k, CORE 0k, NPROC 22180, NOFILE 65536, AS infinity
load average:3.38 2.81 2.06

/proc/meminfo:
MemTotal:        5721096 kB
MemFree:          112208 kB
MemAvailable:     106316 kB
Buffers:           37336 kB
Cached:           176620 kB
SwapCached:            0 kB
Active:          5309660 kB
Inactive:         148184 kB
Active(anon):    5245060 kB
Inactive(anon):    30948 kB
Active(file):      64600 kB
Inactive(file):   117236 kB
Unevictable:          32 kB
Mlocked:              32 kB
SwapTotal:             0 kB
SwapFree:              0 kB
Dirty:                64 kB
Writeback:             0 kB
AnonPages:       5243928 kB
Mapped:            85516 kB
Shmem:             32112 kB
Slab:              74480 kB
SReclaimable:      46192 kB
SUnreclaim:        28288 kB
KernelStack:        7344 kB
PageTables:        27044 kB
NFS_Unstable:          0 kB
Bounce:                0 kB
WritebackTmp:          0 kB
CommitLimit:     2860548 kB
Committed_AS:    6401992 kB
VmallocTotal:   34359738367 kB
VmallocUsed:           0 kB
VmallocChunk:          0 kB
HardwareCorrupted:     0 kB
AnonHugePages:   3528704 kB
CmaTotal:              0 kB
CmaFree:               0 kB
HugePages_Total:       0
HugePages_Free:        0
HugePages_Rsvd:        0
HugePages_Surp:        0
Hugepagesize:       2048 kB
DirectMap4k:      137152 kB
DirectMap2M:     4710400 kB
DirectMap1G:     2097152 kB


CPU:total 2 (initial active 2) (2 cores per cpu, 1 threads per core) family 20 model 1 stepping 0, cmov, cx8, fxsr, mmx, sse, sse2, sse3, ssse3, popcnt, mmxext, lzcnt, sse4a, tsc, tscinvbit, tscinv

/proc/cpuinfo:
processor	: 0
vendor_id	: AuthenticAMD
cpu family	: 20
model		: 1
model name	: AMD E-350 Processor
stepping	: 0
microcode	: 0x5000028
cpu MHz		: 800.000
cache size	: 512 KB
physical id	: 0
siblings	: 2
core id		: 0
cpu cores	: 2
apicid		: 0
initial apicid	: 0
fpu		: yes
fpu_exception	: yes
cpuid level	: 6
wp		: yes
flags		: fpu vme de pse tsc msr pae mce cx8 apic sep mtrr pge mca cmov pat pse36 clflush mmx fxsr sse sse2 ht syscall nx mmxext fxsr_opt pdpe1gb rdtscp lm constant_tsc rep_good nopl nonstop_tsc extd_apicid aperfmperf pni monitor ssse3 cx16 popcnt lahf_lm cmp_legacy svm extapic cr8_legacy abm sse4a misalignsse 3dnowprefetch ibs skinit wdt hw_pstate vmmcall arat npt lbrv svm_lock nrip_save pausefilter
bugs		: fxsave_leak sysret_ss_attrs
bogomips	: 3193.20
TLB size	: 1024 4K pages
clflush size	: 64
cache_alignment	: 64
address sizes	: 36 bits physical, 48 bits virtual
power management: ts ttp tm stc 100mhzsteps hwpstate

processor	: 1
vendor_id	: AuthenticAMD
cpu family	: 20
model		: 1
model name	: AMD E-350 Processor
stepping	: 0
microcode	: 0x5000028
cpu MHz		: 1280.000
cache size	: 512 KB
physical id	: 0
siblings	: 2
core id		: 1
cpu cores	: 2
apicid		: 1
initial apicid	: 1
fpu		: yes
fpu_exception	: yes
cpuid level	: 6
wp		: yes
flags		: fpu vme de pse tsc msr pae mce cx8 apic sep mtrr pge mca cmov pat pse36 clflush mmx fxsr sse sse2 ht syscall nx mmxext fxsr_opt pdpe1gb rdtscp lm constant_tsc rep_good nopl nonstop_tsc extd_apicid aperfmperf pni monitor ssse3 cx16 popcnt lahf_lm cmp_legacy svm extapic cr8_legacy abm sse4a misalignsse 3dnowprefetch ibs skinit wdt hw_pstate vmmcall arat npt lbrv svm_lock nrip_save pausefilter
bugs		: fxsave_leak sysret_ss_attrs
bogomips	: 3193.20
TLB size	: 1024 4K pages
clflush size	: 64
cache_alignment	: 64
address sizes	: 36 bits physical, 48 bits virtual
power management: ts ttp tm stc 100mhzsteps hwpstate



Memory: 4k page, physical 5721096k(112208k free), swap 0k(0k free)

vm_info: OpenJDK 64-Bit Server VM (25.152-b01) for linux-amd64 JRE (1.8.0_152-release-915-b01), built by "builder" with gcc 4.8.4

time: Wed Apr 25 22:53:02 2018
elapsed time: 205 seconds (0d 0h 3m 25s)

